<?xml version="1.0" encoding="UTF-8"?>
<!-- Generated by org.testng.reporters.JUnitXMLReporter -->
<testsuite ignored="0" hostname="DESKTOP-BL2TRF2" failures="2" tests="2" name="Registration Test Case" time="118.363" errors="0" timestamp="2022-08-03T20:27:58 IST">
  <testcase classname="Academy.registration" name="registration" time="35.212">
    <failure type="java.lang.AssertionError" message="expected [Rahul Shetty Academy] but found [RahulShetty]">
      <![CDATA[java.lang.AssertionError: expected [Rahul Shetty Academy] but found [RahulShetty]
at Academy.registration.registration(registration.java:45)
at java.base/java.util.ArrayList.forEach(ArrayList.java:1511)
at java.base/java.util.concurrent.FutureTask.run(FutureTask.java:264)
at java.base/java.util.concurrent.ThreadPoolExecutor.runWorker(ThreadPoolExecutor.java:1136)
at java.base/java.util.concurrent.ThreadPoolExecutor$Worker.run(ThreadPoolExecutor.java:635)
at java.base/java.lang.Thread.run(Thread.java:833)
... Removed 22 stack frames]]>
    </failure>
  </testcase> <!-- registration -->
  <testcase classname="Academy.registration" name="registration" time="16.288">
    <failure type="java.lang.AssertionError" message="expected [Rahul Shetty Academy] but found [RahulShetty]">
      <![CDATA[java.lang.AssertionError: expected [Rahul Shetty Academy] but found [RahulShetty]
at Academy.registration.registration(registration.java:45)
at java.base/java.util.ArrayList.forEach(ArrayList.java:1511)
at java.base/java.util.concurrent.FutureTask.run(FutureTask.java:264)
at java.base/java.util.concurrent.ThreadPoolExecutor.runWorker(ThreadPoolExecutor.java:1136)
at java.base/java.util.concurrent.ThreadPoolExecutor$Worker.run(ThreadPoolExecutor.java:635)
at java.base/java.lang.Thread.run(Thread.java:833)
... Removed 22 stack frames]]>
    </failure>
  </testcase> <!-- registration -->
</testsuite> <!-- Registration Test Case -->
